0 info it worked if it ends with ok
1 verbose cli [ '/usr/local/bin/node', '/usr/local/bin/npm', 'login' ]
2 info using npm@1.3.24
3 info using node@v0.10.25
4 verbose adduser before first PUT { name: 'saxn-paule',
4 verbose adduser   salt: 'XXXXX',
4 verbose adduser   password_sha: 'XXXXX',
4 verbose adduser   email: 'spammichdiciht@aol.de',
4 verbose adduser   _id: 'org.couchdb.user:saxn-paule',
4 verbose adduser   type: 'user',
4 verbose adduser   roles: [],
4 verbose adduser   date: '2015-12-12T20:51:59.142Z' }
5 verbose url raw /-/user/org.couchdb.user:saxn-paule
6 verbose url resolving [ 'https://registry.npmjs.org/',
6 verbose url resolving   './-/user/org.couchdb.user:saxn-paule' ]
7 verbose url resolved https://registry.npmjs.org/-/user/org.couchdb.user:saxn-paule
8 info trying registry request attempt 1 at 21:51:59
9 http PUT https://registry.npmjs.org/-/user/org.couchdb.user:saxn-paule
10 http 400 https://registry.npmjs.org/-/user/org.couchdb.user:saxn-paule
11 verbose adduser back [ [Error: Unknown error while authenticating : -/user/org.couchdb.user:saxn-paule],
11 verbose adduser   { ok: false, error: 'Unknown error while authenticating' },
11 verbose adduser   '{"ok":false,"error":"Unknown error while authenticating"}' ]
12 error Error: Unknown error while authenticating : -/user/org.couchdb.user:saxn-paule
12 error     at RegClient.<anonymous> (/usr/local/lib/node_modules/npm/node_modules/npm-registry-client/lib/request.js:275:14)
12 error     at Request.self.callback (/usr/local/lib/node_modules/npm/node_modules/request/request.js:123:22)
12 error     at Request.EventEmitter.emit (events.js:98:17)
12 error     at Request.<anonymous> (/usr/local/lib/node_modules/npm/node_modules/request/request.js:893:14)
12 error     at Request.EventEmitter.emit (events.js:117:20)
12 error     at IncomingMessage.<anonymous> (/usr/local/lib/node_modules/npm/node_modules/request/request.js:844:12)
12 error     at IncomingMessage.EventEmitter.emit (events.js:117:20)
12 error     at _stream_readable.js:920:16
12 error     at process._tickCallback (node.js:415:13)
13 error If you need help, you may report this *entire* log,
13 error including the npm and node versions, at:
13 error     <http://github.com/isaacs/npm/issues>
14 error System Linux 3.19.0-32-generic
15 error command "/usr/local/bin/node" "/usr/local/bin/npm" "login"
16 error cwd /home/psc/pimatic-dev/node_modules/pimatic-pio-remote
17 error node -v v0.10.25
18 error npm -v 1.3.24
19 verbose exit [ 1, true ]
